Arguments: 
  /home/nacmonad/.nvm/versions/node/v10.16.0/bin/node /home/nacmonad/.nvm/versions/node/v10.16.0/bin/yarn add tfjs-node tfjs-node-gpu

PATH: 
  /home/nacmonad/.nvm/versions/node/v10.16.0/bin:/usr/local/sbin:/usr/local/bin:/usr/sbin:/usr/bin:/sbin:/bin:/usr/games:/usr/local/games:/usr/lib/jvm/jdk1.8.0_221/bin:/usr/lib/jvm/jdk1.8.0_221/db/bin:/usr/lib/jvm/jdk1.8.0_221/jre/bin:/snap/bin:/home/nacmonad/Android/Sdk/tools:/home/nacmonad/Android/Sdk/platform-tools

Yarn version: 
  1.16.0

Node version: 
  10.16.0

Platform: 
  linux x64

Trace: 
  Error: https://registry.yarnpkg.com/tfjs-node: Not found
      at Request.params.callback [as _callback] (/home/nacmonad/.nvm/versions/node/v10.16.0/lib/node_modules/yarn/lib/cli.js:66091:18)
      at Request.self.callback (/home/nacmonad/.nvm/versions/node/v10.16.0/lib/node_modules/yarn/lib/cli.js:129590:22)
      at Request.emit (events.js:198:13)
      at Request.<anonymous> (/home/nacmonad/.nvm/versions/node/v10.16.0/lib/node_modules/yarn/lib/cli.js:130562:10)
      at Request.emit (events.js:198:13)
      at IncomingMessage.<anonymous> (/home/nacmonad/.nvm/versions/node/v10.16.0/lib/node_modules/yarn/lib/cli.js:130484:12)
      at Object.onceWrapper (events.js:286:20)
      at IncomingMessage.emit (events.js:203:15)
      at endReadableNT (_stream_readable.js:1129:12)
      at process._tickCallback (internal/process/next_tick.js:63:19)

npm manifest: 
  {
    "name": "iot-data-model",
    "version": "1.0.0",
    "description": "",
    "main": "index.js",
    "scripts": {
      "test": "echo \"Error: no test specified\" && exit 1"
    },
    "author": "",
    "license": "ISC"
  }

yarn manifest: 
  No manifest

Lockfile: 
  No lockfile
